<?xml version="1.0" encoding="UTF-8"?>
<!-- Generated by org.testng.reporters.JUnitReportReporter -->
<testsuite hostname="LAPTOP-EQLN7PL4" name="com.StepDefination.TC_AgileProject_001" tests="2" failures="0" timestamp="9 Dec 2021 09:58:52 GMT" time="5.469" errors="0">
  <testcase name="LoginTest" time="5.469" classname="com.StepDefination.TC_AgileProject_001"/>
  <testcase name="m1" time="0.000" classname="com.StepDefination.TC_AgileProject_001"/>
</testsuite> <!-- com.StepDefination.TC_AgileProject_001 -->
